\BOOKMARK [0][-]{chapter*.3}{Acknowledgments}{}% 1
\BOOKMARK [0][-]{chapter*.4}{Abstract}{}% 2
\BOOKMARK [0][-]{chapter*.6}{List of Tables}{}% 3
\BOOKMARK [0][-]{chapter*.7}{List of Figures}{}% 4
\BOOKMARK [0][-]{chapter.1}{Chapter Introduction}{}% 5
\BOOKMARK [1][-]{section.1.1}{Context}{chapter.1}% 6
\BOOKMARK [1][-]{section.1.2}{Overview}{chapter.1}% 7
\BOOKMARK [1][-]{section.1.3}{Roadmap}{chapter.1}% 8
\BOOKMARK [0][-]{chapter.2}{Chapter State of the art}{}% 9
\BOOKMARK [1][-]{section.2.1}{Area 1}{chapter.2}% 10
\BOOKMARK [2][-]{subsection.2.1.1}{Issue A}{section.2.1}% 11
\BOOKMARK [2][-]{subsection.2.1.2}{Issue B}{section.2.1}% 12
\BOOKMARK [2][-]{subsection.2.1.3}{Issue C}{section.2.1}% 13
\BOOKMARK [1][-]{section.2.2}{Closely-related Projects}{chapter.2}% 14
\BOOKMARK [2][-]{subsection.2.2.1}{Project 1}{section.2.2}% 15
\BOOKMARK [1][-]{section.2.3}{Summary}{chapter.2}% 16
\BOOKMARK [0][-]{chapter.3}{Chapter Design}{}% 17
\BOOKMARK [1][-]{section.3.1}{Overview}{chapter.3}% 18
\BOOKMARK [1][-]{section.3.2}{Detail 1}{chapter.3}% 19
\BOOKMARK [1][-]{section.3.3}{Detail 2}{chapter.3}% 20
\BOOKMARK [1][-]{section.3.4}{Summary}{chapter.3}% 21
\BOOKMARK [0][-]{chapter.4}{Chapter Implementation}{}% 22
\BOOKMARK [1][-]{section.4.1}{Overview}{chapter.4}% 23
\BOOKMARK [1][-]{section.4.2}{Detail 1}{chapter.4}% 24
\BOOKMARK [1][-]{section.4.3}{Detail 2}{chapter.4}% 25
\BOOKMARK [1][-]{section.4.4}{Summary}{chapter.4}% 26
\BOOKMARK [0][-]{chapter.5}{Chapter Evaluation}{}% 27
\BOOKMARK [1][-]{section.5.1}{Experimental Setup}{chapter.5}% 28
\BOOKMARK [1][-]{section.5.2}{Experiment 1}{chapter.5}% 29
\BOOKMARK [1][-]{section.5.3}{Experiment 2}{chapter.5}% 30
\BOOKMARK [1][-]{section.5.4}{Experiment 3}{chapter.5}% 31
\BOOKMARK [1][-]{section.5.5}{Discussion}{chapter.5}% 32
\BOOKMARK [1][-]{section.5.6}{Summary}{chapter.5}% 33
\BOOKMARK [0][-]{chapter.6}{Chapter Conclusions \046 Future Work}{}% 34
\BOOKMARK [1][-]{section.6.1}{Conclusions}{chapter.6}% 35
\BOOKMARK [1][-]{section.6.2}{Future Work}{chapter.6}% 36
\BOOKMARK [0][-]{appendix.A}{Appendix Abbreviations}{}% 37
